[00:30:56] [ServerMain/INFO]: Environment: Environment[sessionHost=https://sessionserver.mojang.com, servicesHost=https://api.minecraftservices.com, name=PROD]
[00:31:00] [ServerMain/INFO]: Loaded 1407 recipes
[00:31:00] [ServerMain/INFO]: Loaded 1520 advancements
[00:31:00] [Server thread/INFO]: Starting minecraft server version 1.21.8
[00:31:00] [Server thread/INFO]: Loading properties
[00:31:00] [Server thread/INFO]: Default game type: SURVIVAL
[00:31:00] [Server thread/INFO]: Generating keypair
[00:31:00] [Server thread/INFO]: Starting Minecraft server on *:25565
[00:31:00] [Server thread/INFO]: Using epoll channel type
[00:31:00] [Server thread/WARN]: **** SERVER IS RUNNING IN OFFLINE/INSECURE MODE!
[00:31:00] [Server thread/WARN]: The server will make no attempt to authenticate usernames. Beware.
[00:31:00] [Server thread/WARN]: While this makes the game possible to play without internet access, it also opens up the ability for hackers to connect with any username they choose.
[00:31:00] [Server thread/WARN]: To change this, set "online-mode" to "true" in the server.properties file.
[00:31:00] [Server thread/INFO]: Preparing level "world"
[00:31:00] [Server thread/INFO]: Preparing start region for dimension minecraft:overworld
[00:31:09] [Worker-Main-1/INFO]: Preparing spawn area: 0%
[00:31:09] [Worker-Main-1/INFO]: Preparing spawn area: 0%
[00:31:09] [Worker-Main-1/INFO]: Preparing spawn area: 0%
[00:31:09] [Worker-Main-1/INFO]: Preparing spawn area: 0%
[00:31:09] [Worker-Main-1/INFO]: Preparing spawn area: 0%
[00:31:09] [Worker-Main-1/INFO]: Preparing spawn area: 0%
[00:31:09] [Worker-Main-1/INFO]: Preparing spawn area: 0%
[00:31:09] [Worker-Main-1/INFO]: Preparing spawn area: 0%
[00:31:09] [Worker-Main-1/INFO]: Preparing spawn area: 0%
[00:31:09] [Worker-Main-1/INFO]: Preparing spawn area: 0%
[00:31:09] [Worker-Main-1/INFO]: Preparing spawn area: 0%
[00:31:09] [Worker-Main-1/INFO]: Preparing spawn area: 0%
[00:31:09] [Worker-Main-1/INFO]: Preparing spawn area: 0%
[00:31:09] [Worker-Main-1/INFO]: Preparing spawn area: 0%
[00:31:09] [Worker-Main-1/INFO]: Preparing spawn area: 0%
[00:31:09] [Worker-Main-1/INFO]: Preparing spawn area: 0%
[00:31:09] [Worker-Main-1/INFO]: Preparing spawn area: 0%
[00:31:09] [Worker-Main-1/INFO]: Preparing spawn area: 0%
[00:31:09] [Worker-Main-1/INFO]: Preparing spawn area: 24%
[00:31:10] [Server thread/INFO]: Time elapsed: 9277 ms
[00:31:10] [Server thread/INFO]: Done (9.630s)! For help, type "help"
[00:32:10] [Server thread/INFO]: Server empty for 60 seconds, pausing
